   1              		.syntax unified
   2              		.cpu cortex-m4
   3              		.eabi_attribute 27, 3
   4              		.eabi_attribute 28, 1
   5              		.fpu fpv4-sp-d16
   6              		.eabi_attribute 20, 1
   7              		.eabi_attribute 21, 1
   8              		.eabi_attribute 23, 3
   9              		.eabi_attribute 24, 1
  10              		.eabi_attribute 25, 1
  11              		.eabi_attribute 26, 1
  12              		.eabi_attribute 30, 2
  13              		.eabi_attribute 34, 1
  14              		.eabi_attribute 18, 4
  15              		.thumb
  16              		.file	"misc.c"
  17              		.text
  18              	.Ltext0:
  19              		.cfi_sections	.debug_frame
  20              		.section	.text.NVIC_PriorityGroupConfig,"ax",%progbits
  21              		.align	2
  22              		.global	NVIC_PriorityGroupConfig
  23              		.thumb
  24              		.thumb_func
  26              	NVIC_PriorityGroupConfig:
  27              	.LFB123:
  28              		.file 1 "Libraries/STM32F4xx_StdPeriph_Driver/src/misc.c"
   1:Libraries/STM32F4xx_StdPeriph_Driver/src/misc.c **** /**
   2:Libraries/STM32F4xx_StdPeriph_Driver/src/misc.c ****   ******************************************************************************
   3:Libraries/STM32F4xx_StdPeriph_Driver/src/misc.c ****   * @file    misc.c
   4:Libraries/STM32F4xx_StdPeriph_Driver/src/misc.c ****   * @author  MCD Application Team
   5:Libraries/STM32F4xx_StdPeriph_Driver/src/misc.c ****   * @version V1.5.0
   6:Libraries/STM32F4xx_StdPeriph_Driver/src/misc.c ****   * @date    06-March-2015
   7:Libraries/STM32F4xx_StdPeriph_Driver/src/misc.c ****   * @brief   This file provides all the miscellaneous firmware functions (add-on
   8:Libraries/STM32F4xx_StdPeriph_Driver/src/misc.c ****   *          to CMSIS functions).
   9:Libraries/STM32F4xx_StdPeriph_Driver/src/misc.c ****   *          
  10:Libraries/STM32F4xx_StdPeriph_Driver/src/misc.c ****   *  @verbatim   
  11:Libraries/STM32F4xx_StdPeriph_Driver/src/misc.c ****   *                               
  12:Libraries/STM32F4xx_StdPeriph_Driver/src/misc.c ****   *          ===================================================================      
  13:Libraries/STM32F4xx_StdPeriph_Driver/src/misc.c ****   *                        How to configure Interrupts using driver 
  14:Libraries/STM32F4xx_StdPeriph_Driver/src/misc.c ****   *          ===================================================================      
  15:Libraries/STM32F4xx_StdPeriph_Driver/src/misc.c ****   * 
  16:Libraries/STM32F4xx_StdPeriph_Driver/src/misc.c ****   *            This section provide functions allowing to configure the NVIC interrupts (IRQ).
  17:Libraries/STM32F4xx_StdPeriph_Driver/src/misc.c ****   *            The Cortex-M4 exceptions are managed by CMSIS functions.
  18:Libraries/STM32F4xx_StdPeriph_Driver/src/misc.c ****   *
  19:Libraries/STM32F4xx_StdPeriph_Driver/src/misc.c ****   *            1. Configure the NVIC Priority Grouping using NVIC_PriorityGroupConfig()
  20:Libraries/STM32F4xx_StdPeriph_Driver/src/misc.c ****   *                function according to the following table.
  21:Libraries/STM32F4xx_StdPeriph_Driver/src/misc.c ****  
  22:Libraries/STM32F4xx_StdPeriph_Driver/src/misc.c ****   *  The table below gives the allowed values of the pre-emption priority and subpriority according
  23:Libraries/STM32F4xx_StdPeriph_Driver/src/misc.c ****   *  to the Priority Grouping configuration performed by NVIC_PriorityGroupConfig function
  24:Libraries/STM32F4xx_StdPeriph_Driver/src/misc.c ****   *    ============================================================================================
  25:Libraries/STM32F4xx_StdPeriph_Driver/src/misc.c ****   *      NVIC_PriorityGroup   | NVIC_IRQChannelPreemptionPriority | NVIC_IRQChannelSubPriority  |  
  26:Libraries/STM32F4xx_StdPeriph_Driver/src/misc.c ****   *    ============================================================================================
  27:Libraries/STM32F4xx_StdPeriph_Driver/src/misc.c ****   *     NVIC_PriorityGroup_0  |                0                  |            0-15             | 0
  28:Libraries/STM32F4xx_StdPeriph_Driver/src/misc.c ****   *                           |                                   |                             | 4
  29:Libraries/STM32F4xx_StdPeriph_Driver/src/misc.c ****   *    --------------------------------------------------------------------------------------------
  30:Libraries/STM32F4xx_StdPeriph_Driver/src/misc.c ****   *     NVIC_PriorityGroup_1  |                0-1                |            0-7              | 1
  31:Libraries/STM32F4xx_StdPeriph_Driver/src/misc.c ****   *                           |                                   |                             | 3
  32:Libraries/STM32F4xx_StdPeriph_Driver/src/misc.c ****   *    --------------------------------------------------------------------------------------------
  33:Libraries/STM32F4xx_StdPeriph_Driver/src/misc.c ****   *     NVIC_PriorityGroup_2  |                0-3                |            0-3              | 2
  34:Libraries/STM32F4xx_StdPeriph_Driver/src/misc.c ****   *                           |                                   |                             | 2
  35:Libraries/STM32F4xx_StdPeriph_Driver/src/misc.c ****   *    --------------------------------------------------------------------------------------------
  36:Libraries/STM32F4xx_StdPeriph_Driver/src/misc.c ****   *     NVIC_PriorityGroup_3  |                0-7                |            0-1              | 3
  37:Libraries/STM32F4xx_StdPeriph_Driver/src/misc.c ****   *                           |                                   |                             | 1
  38:Libraries/STM32F4xx_StdPeriph_Driver/src/misc.c ****   *    --------------------------------------------------------------------------------------------
  39:Libraries/STM32F4xx_StdPeriph_Driver/src/misc.c ****   *     NVIC_PriorityGroup_4  |                0-15               |            0                | 4
  40:Libraries/STM32F4xx_StdPeriph_Driver/src/misc.c ****   *                           |                                   |                             | 0
  41:Libraries/STM32F4xx_StdPeriph_Driver/src/misc.c ****   *    ============================================================================================
  42:Libraries/STM32F4xx_StdPeriph_Driver/src/misc.c ****   *
  43:Libraries/STM32F4xx_StdPeriph_Driver/src/misc.c ****   *            2. Enable and Configure the priority of the selected IRQ Channels using NVIC_Init() 
  44:Libraries/STM32F4xx_StdPeriph_Driver/src/misc.c ****   *
  45:Libraries/STM32F4xx_StdPeriph_Driver/src/misc.c ****   * @note  When the NVIC_PriorityGroup_0 is selected, IRQ pre-emption is no more possible. 
  46:Libraries/STM32F4xx_StdPeriph_Driver/src/misc.c ****   *        The pending IRQ priority will be managed only by the subpriority.
  47:Libraries/STM32F4xx_StdPeriph_Driver/src/misc.c ****   *
  48:Libraries/STM32F4xx_StdPeriph_Driver/src/misc.c ****   * @note  IRQ priority order (sorted by highest to lowest priority):
  49:Libraries/STM32F4xx_StdPeriph_Driver/src/misc.c ****   *         - Lowest pre-emption priority
  50:Libraries/STM32F4xx_StdPeriph_Driver/src/misc.c ****   *         - Lowest subpriority
  51:Libraries/STM32F4xx_StdPeriph_Driver/src/misc.c ****   *         - Lowest hardware priority (IRQ number)
  52:Libraries/STM32F4xx_StdPeriph_Driver/src/misc.c ****   *
  53:Libraries/STM32F4xx_StdPeriph_Driver/src/misc.c ****   *  @endverbatim
  54:Libraries/STM32F4xx_StdPeriph_Driver/src/misc.c ****   *
  55:Libraries/STM32F4xx_StdPeriph_Driver/src/misc.c ****   ******************************************************************************
  56:Libraries/STM32F4xx_StdPeriph_Driver/src/misc.c ****   * @attention
  57:Libraries/STM32F4xx_StdPeriph_Driver/src/misc.c ****   *
  58:Libraries/STM32F4xx_StdPeriph_Driver/src/misc.c ****   * <h2><center>&copy; COPYRIGHT 2015 STMicroelectronics</center></h2>
  59:Libraries/STM32F4xx_StdPeriph_Driver/src/misc.c ****   *
  60:Libraries/STM32F4xx_StdPeriph_Driver/src/misc.c ****   * Licensed under MCD-ST Liberty SW License Agreement V2, (the "License");
  61:Libraries/STM32F4xx_StdPeriph_Driver/src/misc.c ****   * You may not use this file except in compliance with the License.
  62:Libraries/STM32F4xx_StdPeriph_Driver/src/misc.c ****   * You may obtain a copy of the License at:
  63:Libraries/STM32F4xx_StdPeriph_Driver/src/misc.c ****   *
  64:Libraries/STM32F4xx_StdPeriph_Driver/src/misc.c ****   *        http://www.st.com/software_license_agreement_liberty_v2
  65:Libraries/STM32F4xx_StdPeriph_Driver/src/misc.c ****   *
  66:Libraries/STM32F4xx_StdPeriph_Driver/src/misc.c ****   * Unless required by applicable law or agreed to in writing, software 
  67:Libraries/STM32F4xx_StdPeriph_Driver/src/misc.c ****   * distributed under the License is distributed on an "AS IS" BASIS, 
  68:Libraries/STM32F4xx_StdPeriph_Driver/src/misc.c ****   * WITHOUT WARRANTIES OR CONDITIONS OF ANY KIND, either express or implied.
  69:Libraries/STM32F4xx_StdPeriph_Driver/src/misc.c ****   * See the License for the specific language governing permissions and
  70:Libraries/STM32F4xx_StdPeriph_Driver/src/misc.c ****   * limitations under the License.
  71:Libraries/STM32F4xx_StdPeriph_Driver/src/misc.c ****   *
  72:Libraries/STM32F4xx_StdPeriph_Driver/src/misc.c ****   ******************************************************************************
  73:Libraries/STM32F4xx_StdPeriph_Driver/src/misc.c ****   */
  74:Libraries/STM32F4xx_StdPeriph_Driver/src/misc.c **** 
  75:Libraries/STM32F4xx_StdPeriph_Driver/src/misc.c **** /* Includes ------------------------------------------------------------------*/
  76:Libraries/STM32F4xx_StdPeriph_Driver/src/misc.c **** #include "misc.h"
  77:Libraries/STM32F4xx_StdPeriph_Driver/src/misc.c **** 
  78:Libraries/STM32F4xx_StdPeriph_Driver/src/misc.c **** /** @addtogroup STM32F4xx_StdPeriph_Driver
  79:Libraries/STM32F4xx_StdPeriph_Driver/src/misc.c ****   * @{
  80:Libraries/STM32F4xx_StdPeriph_Driver/src/misc.c ****   */
  81:Libraries/STM32F4xx_StdPeriph_Driver/src/misc.c **** 
  82:Libraries/STM32F4xx_StdPeriph_Driver/src/misc.c **** /** @defgroup MISC 
  83:Libraries/STM32F4xx_StdPeriph_Driver/src/misc.c ****   * @brief MISC driver modules
  84:Libraries/STM32F4xx_StdPeriph_Driver/src/misc.c ****   * @{
  85:Libraries/STM32F4xx_StdPeriph_Driver/src/misc.c ****   */
  86:Libraries/STM32F4xx_StdPeriph_Driver/src/misc.c **** 
  87:Libraries/STM32F4xx_StdPeriph_Driver/src/misc.c **** /* Private typedef -----------------------------------------------------------*/
  88:Libraries/STM32F4xx_StdPeriph_Driver/src/misc.c **** /* Private define ------------------------------------------------------------*/
  89:Libraries/STM32F4xx_StdPeriph_Driver/src/misc.c **** #define AIRCR_VECTKEY_MASK    ((uint32_t)0x05FA0000)
  90:Libraries/STM32F4xx_StdPeriph_Driver/src/misc.c **** 
  91:Libraries/STM32F4xx_StdPeriph_Driver/src/misc.c **** /* Private macro -------------------------------------------------------------*/
  92:Libraries/STM32F4xx_StdPeriph_Driver/src/misc.c **** /* Private variables ---------------------------------------------------------*/
  93:Libraries/STM32F4xx_StdPeriph_Driver/src/misc.c **** /* Private function prototypes -----------------------------------------------*/
  94:Libraries/STM32F4xx_StdPeriph_Driver/src/misc.c **** /* Private functions ---------------------------------------------------------*/
  95:Libraries/STM32F4xx_StdPeriph_Driver/src/misc.c **** 
  96:Libraries/STM32F4xx_StdPeriph_Driver/src/misc.c **** /** @defgroup MISC_Private_Functions
  97:Libraries/STM32F4xx_StdPeriph_Driver/src/misc.c ****   * @{
  98:Libraries/STM32F4xx_StdPeriph_Driver/src/misc.c ****   */
  99:Libraries/STM32F4xx_StdPeriph_Driver/src/misc.c **** 
 100:Libraries/STM32F4xx_StdPeriph_Driver/src/misc.c **** /**
 101:Libraries/STM32F4xx_StdPeriph_Driver/src/misc.c ****   * @brief  Configures the priority grouping: pre-emption priority and subpriority.
 102:Libraries/STM32F4xx_StdPeriph_Driver/src/misc.c ****   * @param  NVIC_PriorityGroup: specifies the priority grouping bits length. 
 103:Libraries/STM32F4xx_StdPeriph_Driver/src/misc.c ****   *   This parameter can be one of the following values:
 104:Libraries/STM32F4xx_StdPeriph_Driver/src/misc.c ****   *     @arg NVIC_PriorityGroup_0: 0 bits for pre-emption priority
 105:Libraries/STM32F4xx_StdPeriph_Driver/src/misc.c ****   *                                4 bits for subpriority
 106:Libraries/STM32F4xx_StdPeriph_Driver/src/misc.c ****   *     @arg NVIC_PriorityGroup_1: 1 bits for pre-emption priority
 107:Libraries/STM32F4xx_StdPeriph_Driver/src/misc.c ****   *                                3 bits for subpriority
 108:Libraries/STM32F4xx_StdPeriph_Driver/src/misc.c ****   *     @arg NVIC_PriorityGroup_2: 2 bits for pre-emption priority
 109:Libraries/STM32F4xx_StdPeriph_Driver/src/misc.c ****   *                                2 bits for subpriority
 110:Libraries/STM32F4xx_StdPeriph_Driver/src/misc.c ****   *     @arg NVIC_PriorityGroup_3: 3 bits for pre-emption priority
 111:Libraries/STM32F4xx_StdPeriph_Driver/src/misc.c ****   *                                1 bits for subpriority
 112:Libraries/STM32F4xx_StdPeriph_Driver/src/misc.c ****   *     @arg NVIC_PriorityGroup_4: 4 bits for pre-emption priority
 113:Libraries/STM32F4xx_StdPeriph_Driver/src/misc.c ****   *                                0 bits for subpriority
 114:Libraries/STM32F4xx_StdPeriph_Driver/src/misc.c ****   * @note   When the NVIC_PriorityGroup_0 is selected, IRQ pre-emption is no more possible. 
 115:Libraries/STM32F4xx_StdPeriph_Driver/src/misc.c ****   *         The pending IRQ priority will be managed only by the subpriority. 
 116:Libraries/STM32F4xx_StdPeriph_Driver/src/misc.c ****   * @retval None
 117:Libraries/STM32F4xx_StdPeriph_Driver/src/misc.c ****   */
 118:Libraries/STM32F4xx_StdPeriph_Driver/src/misc.c **** void NVIC_PriorityGroupConfig(uint32_t NVIC_PriorityGroup)
 119:Libraries/STM32F4xx_StdPeriph_Driver/src/misc.c **** {
  29              		.loc 1 119 0
  30              		.cfi_startproc
  31              		@ args = 0, pretend = 0, frame = 0
  32              		@ frame_needed = 0, uses_anonymous_args = 0
  33              	.LVL0:
 120:Libraries/STM32F4xx_StdPeriph_Driver/src/misc.c ****   /* Check the parameters */
 121:Libraries/STM32F4xx_StdPeriph_Driver/src/misc.c ****   assert_param(IS_NVIC_PRIORITY_GROUP(NVIC_PriorityGroup));
  34              		.loc 1 121 0
  35 0000 B0F5C06F 		cmp	r0, #1536
 119:Libraries/STM32F4xx_StdPeriph_Driver/src/misc.c ****   /* Check the parameters */
  36              		.loc 1 119 0
  37 0004 10B5     		push	{r4, lr}
  38              	.LCFI0:
  39              		.cfi_def_cfa_offset 8
  40              		.cfi_offset 4, -8
  41              		.cfi_offset 14, -4
 119:Libraries/STM32F4xx_StdPeriph_Driver/src/misc.c ****   /* Check the parameters */
  42              		.loc 1 119 0
  43 0006 0446     		mov	r4, r0
  44              		.loc 1 121 0
  45 0008 10D0     		beq	.L2
  46              		.loc 1 121 0 is_stmt 0 discriminator 1
  47 000a 20F48073 		bic	r3, r0, #256
  48 000e B3F5806F 		cmp	r3, #1024
  49 0012 0BD0     		beq	.L2
  50 0014 20F48063 		bic	r3, r0, #1024
  51 0018 B3F5407F 		cmp	r3, #768
  52 001c 06D0     		beq	.L2
  53 001e 40F20000 		movw	r0, #:lower16:.LC0
  54              	.LVL1:
  55 0022 C0F20000 		movt	r0, #:upper16:.LC0
  56 0026 7921     		movs	r1, #121
  57 0028 FFF7FEFF 		bl	assert_failed
  58              	.LVL2:
  59              	.L2:
 122:Libraries/STM32F4xx_StdPeriph_Driver/src/misc.c ****   
 123:Libraries/STM32F4xx_StdPeriph_Driver/src/misc.c ****   /* Set the PRIGROUP[10:8] bits according to NVIC_PriorityGroup value */
 124:Libraries/STM32F4xx_StdPeriph_Driver/src/misc.c ****   SCB->AIRCR = AIRCR_VECTKEY_MASK | NVIC_PriorityGroup;
  60              		.loc 1 124 0 is_stmt 1
  61 002c 4FF46D43 		mov	r3, #60672
  62 0030 44F0BF64 		orr	r4, r4, #100139008
  63              	.LVL3:
  64 0034 CEF20003 		movt	r3, 57344
  65 0038 44F40034 		orr	r4, r4, #131072
  66 003c DC60     		str	r4, [r3, #12]
  67 003e 10BD     		pop	{r4, pc}
  68              		.cfi_endproc
  69              	.LFE123:
  71              		.section	.text.NVIC_Init,"ax",%progbits
  72              		.align	2
  73              		.global	NVIC_Init
  74              		.thumb
  75              		.thumb_func
  77              	NVIC_Init:
  78              	.LFB124:
 125:Libraries/STM32F4xx_StdPeriph_Driver/src/misc.c **** }
 126:Libraries/STM32F4xx_StdPeriph_Driver/src/misc.c **** 
 127:Libraries/STM32F4xx_StdPeriph_Driver/src/misc.c **** /**
 128:Libraries/STM32F4xx_StdPeriph_Driver/src/misc.c ****   * @brief  Initializes the NVIC peripheral according to the specified
 129:Libraries/STM32F4xx_StdPeriph_Driver/src/misc.c ****   *         parameters in the NVIC_InitStruct.
 130:Libraries/STM32F4xx_StdPeriph_Driver/src/misc.c ****   * @note   To configure interrupts priority correctly, the NVIC_PriorityGroupConfig()
 131:Libraries/STM32F4xx_StdPeriph_Driver/src/misc.c ****   *         function should be called before. 
 132:Libraries/STM32F4xx_StdPeriph_Driver/src/misc.c ****   * @param  NVIC_InitStruct: pointer to a NVIC_InitTypeDef structure that contains
 133:Libraries/STM32F4xx_StdPeriph_Driver/src/misc.c ****   *         the configuration information for the specified NVIC peripheral.
 134:Libraries/STM32F4xx_StdPeriph_Driver/src/misc.c ****   * @retval None
 135:Libraries/STM32F4xx_StdPeriph_Driver/src/misc.c ****   */
 136:Libraries/STM32F4xx_StdPeriph_Driver/src/misc.c **** void NVIC_Init(NVIC_InitTypeDef* NVIC_InitStruct)
 137:Libraries/STM32F4xx_StdPeriph_Driver/src/misc.c **** {
  79              		.loc 1 137 0
  80              		.cfi_startproc
  81              		@ args = 0, pretend = 0, frame = 0
  82              		@ frame_needed = 0, uses_anonymous_args = 0
  83              	.LVL4:
 138:Libraries/STM32F4xx_StdPeriph_Driver/src/misc.c ****   uint8_t tmppriority = 0x00, tmppre = 0x00, tmpsub = 0x0F;
 139:Libraries/STM32F4xx_StdPeriph_Driver/src/misc.c ****   
 140:Libraries/STM32F4xx_StdPeriph_Driver/src/misc.c ****   /* Check the parameters */
 141:Libraries/STM32F4xx_StdPeriph_Driver/src/misc.c ****   assert_param(IS_FUNCTIONAL_STATE(NVIC_InitStruct->NVIC_IRQChannelCmd));
  84              		.loc 1 141 0
  85 0000 C378     		ldrb	r3, [r0, #3]	@ zero_extendqisi2
  86 0002 012B     		cmp	r3, #1
 137:Libraries/STM32F4xx_StdPeriph_Driver/src/misc.c ****   uint8_t tmppriority = 0x00, tmppre = 0x00, tmpsub = 0x0F;
  87              		.loc 1 137 0
  88 0004 70B5     		push	{r4, r5, r6, lr}
  89              	.LCFI1:
  90              		.cfi_def_cfa_offset 16
  91              		.cfi_offset 4, -16
  92              		.cfi_offset 5, -12
  93              		.cfi_offset 6, -8
  94              		.cfi_offset 14, -4
 137:Libraries/STM32F4xx_StdPeriph_Driver/src/misc.c ****   uint8_t tmppriority = 0x00, tmppre = 0x00, tmpsub = 0x0F;
  95              		.loc 1 137 0
  96 0006 0446     		mov	r4, r0
  97              		.loc 1 141 0
  98 0008 06D9     		bls	.L14
  99              		.loc 1 141 0 is_stmt 0 discriminator 1
 100 000a 40F20000 		movw	r0, #:lower16:.LC0
 101              	.LVL5:
 102 000e C0F20000 		movt	r0, #:upper16:.LC0
 103 0012 8D21     		movs	r1, #141
 104 0014 FFF7FEFF 		bl	assert_failed
 105              	.LVL6:
 106              	.L14:
 142:Libraries/STM32F4xx_StdPeriph_Driver/src/misc.c ****   assert_param(IS_NVIC_PREEMPTION_PRIORITY(NVIC_InitStruct->NVIC_IRQChannelPreemptionPriority));  
 107              		.loc 1 142 0 is_stmt 1
 108 0018 6378     		ldrb	r3, [r4, #1]	@ zero_extendqisi2
 109 001a 0F2B     		cmp	r3, #15
 110 001c 47D8     		bhi	.L19
 111              	.L15:
 143:Libraries/STM32F4xx_StdPeriph_Driver/src/misc.c ****   assert_param(IS_NVIC_SUB_PRIORITY(NVIC_InitStruct->NVIC_IRQChannelSubPriority));
 112              		.loc 1 143 0
 113 001e A378     		ldrb	r3, [r4, #2]	@ zero_extendqisi2
 114 0020 0F2B     		cmp	r3, #15
 115 0022 3CD8     		bhi	.L20
 116              	.L16:
 144:Libraries/STM32F4xx_StdPeriph_Driver/src/misc.c ****     
 145:Libraries/STM32F4xx_StdPeriph_Driver/src/misc.c ****   if (NVIC_InitStruct->NVIC_IRQChannelCmd != DISABLE)
 117              		.loc 1 145 0
 118 0024 E378     		ldrb	r3, [r4, #3]	@ zero_extendqisi2
 119 0026 73B9     		cbnz	r3, .L21
 146:Libraries/STM32F4xx_StdPeriph_Driver/src/misc.c ****   {
 147:Libraries/STM32F4xx_StdPeriph_Driver/src/misc.c ****     /* Compute the Corresponding IRQ Priority --------------------------------*/    
 148:Libraries/STM32F4xx_StdPeriph_Driver/src/misc.c ****     tmppriority = (0x700 - ((SCB->AIRCR) & (uint32_t)0x700))>> 0x08;
 149:Libraries/STM32F4xx_StdPeriph_Driver/src/misc.c ****     tmppre = (0x4 - tmppriority);
 150:Libraries/STM32F4xx_StdPeriph_Driver/src/misc.c ****     tmpsub = tmpsub >> tmppriority;
 151:Libraries/STM32F4xx_StdPeriph_Driver/src/misc.c **** 
 152:Libraries/STM32F4xx_StdPeriph_Driver/src/misc.c ****     tmppriority = NVIC_InitStruct->NVIC_IRQChannelPreemptionPriority << tmppre;
 153:Libraries/STM32F4xx_StdPeriph_Driver/src/misc.c ****     tmppriority |=  (uint8_t)(NVIC_InitStruct->NVIC_IRQChannelSubPriority & tmpsub);
 154:Libraries/STM32F4xx_StdPeriph_Driver/src/misc.c ****         
 155:Libraries/STM32F4xx_StdPeriph_Driver/src/misc.c ****     tmppriority = tmppriority << 0x04;
 156:Libraries/STM32F4xx_StdPeriph_Driver/src/misc.c ****         
 157:Libraries/STM32F4xx_StdPeriph_Driver/src/misc.c ****     NVIC->IP[NVIC_InitStruct->NVIC_IRQChannel] = tmppriority;
 158:Libraries/STM32F4xx_StdPeriph_Driver/src/misc.c ****     
 159:Libraries/STM32F4xx_StdPeriph_Driver/src/misc.c ****     /* Enable the Selected IRQ Channels --------------------------------------*/
 160:Libraries/STM32F4xx_StdPeriph_Driver/src/misc.c ****     NVIC->ISER[NVIC_InitStruct->NVIC_IRQChannel >> 0x05] =
 161:Libraries/STM32F4xx_StdPeriph_Driver/src/misc.c ****       (uint32_t)0x01 << (NVIC_InitStruct->NVIC_IRQChannel & (uint8_t)0x1F);
 162:Libraries/STM32F4xx_StdPeriph_Driver/src/misc.c ****   }
 163:Libraries/STM32F4xx_StdPeriph_Driver/src/misc.c ****   else
 164:Libraries/STM32F4xx_StdPeriph_Driver/src/misc.c ****   {
 165:Libraries/STM32F4xx_StdPeriph_Driver/src/misc.c ****     /* Disable the Selected IRQ Channels -------------------------------------*/
 166:Libraries/STM32F4xx_StdPeriph_Driver/src/misc.c ****     NVIC->ICER[NVIC_InitStruct->NVIC_IRQChannel >> 0x05] =
 120              		.loc 1 166 0
 121 0028 2278     		ldrb	r2, [r4]	@ zero_extendqisi2
 122 002a 4FF46143 		mov	r3, #57600
 123 002e 5109     		lsrs	r1, r2, #5
 124 0030 2031     		adds	r1, r1, #32
 167:Libraries/STM32F4xx_StdPeriph_Driver/src/misc.c ****       (uint32_t)0x01 << (NVIC_InitStruct->NVIC_IRQChannel & (uint8_t)0x1F);
 125              		.loc 1 167 0
 126 0032 02F01F02 		and	r2, r2, #31
 127 0036 0120     		movs	r0, #1
 166:Libraries/STM32F4xx_StdPeriph_Driver/src/misc.c ****       (uint32_t)0x01 << (NVIC_InitStruct->NVIC_IRQChannel & (uint8_t)0x1F);
 128              		.loc 1 166 0
 129 0038 CEF20003 		movt	r3, 57344
 130              		.loc 1 167 0
 131 003c 00FA02F2 		lsl	r2, r0, r2
 166:Libraries/STM32F4xx_StdPeriph_Driver/src/misc.c ****       (uint32_t)0x01 << (NVIC_InitStruct->NVIC_IRQChannel & (uint8_t)0x1F);
 132              		.loc 1 166 0
 133 0040 43F82120 		str	r2, [r3, r1, lsl #2]
 134 0044 70BD     		pop	{r4, r5, r6, pc}
 135              	.LVL7:
 136              	.L21:
 148:Libraries/STM32F4xx_StdPeriph_Driver/src/misc.c ****     tmppre = (0x4 - tmppriority);
 137              		.loc 1 148 0
 138 0046 4FF46D43 		mov	r3, #60672
 139 004a CEF20003 		movt	r3, 57344
 152:Libraries/STM32F4xx_StdPeriph_Driver/src/misc.c ****     tmppriority |=  (uint8_t)(NVIC_InitStruct->NVIC_IRQChannelSubPriority & tmpsub);
 140              		.loc 1 152 0
 141 004e 6678     		ldrb	r6, [r4, #1]	@ zero_extendqisi2
 148:Libraries/STM32F4xx_StdPeriph_Driver/src/misc.c ****     tmppre = (0x4 - tmppriority);
 142              		.loc 1 148 0
 143 0050 DA68     		ldr	r2, [r3, #12]
 153:Libraries/STM32F4xx_StdPeriph_Driver/src/misc.c ****         
 144              		.loc 1 153 0
 145 0052 A078     		ldrb	r0, [r4, #2]	@ zero_extendqisi2
 157:Libraries/STM32F4xx_StdPeriph_Driver/src/misc.c ****     
 146              		.loc 1 157 0
 147 0054 2378     		ldrb	r3, [r4]	@ zero_extendqisi2
 148:Libraries/STM32F4xx_StdPeriph_Driver/src/misc.c ****     tmppre = (0x4 - tmppriority);
 148              		.loc 1 148 0
 149 0056 D243     		mvns	r2, r2
 150 0058 C2F30222 		ubfx	r2, r2, #8, #3
 151              	.LVL8:
 149:Libraries/STM32F4xx_StdPeriph_Driver/src/misc.c ****     tmpsub = tmpsub >> tmppriority;
 152              		.loc 1 149 0
 153 005c C2F10401 		rsb	r1, r2, #4
 152:Libraries/STM32F4xx_StdPeriph_Driver/src/misc.c ****     tmppriority |=  (uint8_t)(NVIC_InitStruct->NVIC_IRQChannelSubPriority & tmpsub);
 154              		.loc 1 152 0
 155 0060 C9B2     		uxtb	r1, r1
 150:Libraries/STM32F4xx_StdPeriph_Driver/src/misc.c **** 
 156              		.loc 1 150 0
 157 0062 0F25     		movs	r5, #15
 152:Libraries/STM32F4xx_StdPeriph_Driver/src/misc.c ****     tmppriority |=  (uint8_t)(NVIC_InitStruct->NVIC_IRQChannelSubPriority & tmpsub);
 158              		.loc 1 152 0
 159 0064 06FA01F1 		lsl	r1, r6, r1
 150:Libraries/STM32F4xx_StdPeriph_Driver/src/misc.c **** 
 160              		.loc 1 150 0
 161 0068 45FA02F2 		asr	r2, r5, r2
 162              	.LVL9:
 152:Libraries/STM32F4xx_StdPeriph_Driver/src/misc.c ****     tmppriority |=  (uint8_t)(NVIC_InitStruct->NVIC_IRQChannelSubPriority & tmpsub);
 163              		.loc 1 152 0
 164 006c C9B2     		uxtb	r1, r1
 165              	.LVL10:
 153:Libraries/STM32F4xx_StdPeriph_Driver/src/misc.c ****         
 166              		.loc 1 153 0
 167 006e 0240     		ands	r2, r2, r0
 168 0070 0A43     		orrs	r2, r2, r1
 169              	.LVL11:
 157:Libraries/STM32F4xx_StdPeriph_Driver/src/misc.c ****     
 170              		.loc 1 157 0
 171 0072 03F16043 		add	r3, r3, #-536870912
 172 0076 03F56143 		add	r3, r3, #57600
 155:Libraries/STM32F4xx_StdPeriph_Driver/src/misc.c ****         
 173              		.loc 1 155 0
 174 007a 1201     		lsls	r2, r2, #4
 175              	.LVL12:
 176 007c D2B2     		uxtb	r2, r2
 177              	.LVL13:
 157:Libraries/STM32F4xx_StdPeriph_Driver/src/misc.c ****     
 178              		.loc 1 157 0
 179 007e 83F80023 		strb	r2, [r3, #768]
 160:Libraries/STM32F4xx_StdPeriph_Driver/src/misc.c ****       (uint32_t)0x01 << (NVIC_InitStruct->NVIC_IRQChannel & (uint8_t)0x1F);
 180              		.loc 1 160 0
 181 0082 2278     		ldrb	r2, [r4]	@ zero_extendqisi2
 182              	.LVL14:
 157:Libraries/STM32F4xx_StdPeriph_Driver/src/misc.c ****     
 183              		.loc 1 157 0
 184 0084 4FF46143 		mov	r3, #57600
 161:Libraries/STM32F4xx_StdPeriph_Driver/src/misc.c ****   }
 185              		.loc 1 161 0
 186 0088 02F01F01 		and	r1, r2, #31
 187 008c 0120     		movs	r0, #1
 160:Libraries/STM32F4xx_StdPeriph_Driver/src/misc.c ****       (uint32_t)0x01 << (NVIC_InitStruct->NVIC_IRQChannel & (uint8_t)0x1F);
 188              		.loc 1 160 0
 189 008e 5209     		lsrs	r2, r2, #5
 157:Libraries/STM32F4xx_StdPeriph_Driver/src/misc.c ****     
 190              		.loc 1 157 0
 191 0090 CEF20003 		movt	r3, 57344
 161:Libraries/STM32F4xx_StdPeriph_Driver/src/misc.c ****   }
 192              		.loc 1 161 0
 193 0094 00FA01F1 		lsl	r1, r0, r1
 160:Libraries/STM32F4xx_StdPeriph_Driver/src/misc.c ****       (uint32_t)0x01 << (NVIC_InitStruct->NVIC_IRQChannel & (uint8_t)0x1F);
 194              		.loc 1 160 0
 195 0098 43F82210 		str	r1, [r3, r2, lsl #2]
 196 009c 70BD     		pop	{r4, r5, r6, pc}
 197              	.LVL15:
 198              	.L20:
 143:Libraries/STM32F4xx_StdPeriph_Driver/src/misc.c ****     
 199              		.loc 1 143 0 discriminator 1
 200 009e 40F20000 		movw	r0, #:lower16:.LC0
 201 00a2 C0F20000 		movt	r0, #:upper16:.LC0
 202 00a6 8F21     		movs	r1, #143
 203 00a8 FFF7FEFF 		bl	assert_failed
 204              	.LVL16:
 205 00ac BAE7     		b	.L16
 206              	.L19:
 142:Libraries/STM32F4xx_StdPeriph_Driver/src/misc.c ****   assert_param(IS_NVIC_SUB_PRIORITY(NVIC_InitStruct->NVIC_IRQChannelSubPriority));
 207              		.loc 1 142 0 discriminator 1
 208 00ae 40F20000 		movw	r0, #:lower16:.LC0
 209 00b2 C0F20000 		movt	r0, #:upper16:.LC0
 210 00b6 8E21     		movs	r1, #142
 211 00b8 FFF7FEFF 		bl	assert_failed
 212              	.LVL17:
 213 00bc AFE7     		b	.L15
 214              		.cfi_endproc
 215              	.LFE124:
 217 00be 00BF     		.section	.text.NVIC_SetVectorTable,"ax",%progbits
 218              		.align	2
 219              		.global	NVIC_SetVectorTable
 220              		.thumb
 221              		.thumb_func
 223              	NVIC_SetVectorTable:
 224              	.LFB125:
 168:Libraries/STM32F4xx_StdPeriph_Driver/src/misc.c ****   }
 169:Libraries/STM32F4xx_StdPeriph_Driver/src/misc.c **** }
 170:Libraries/STM32F4xx_StdPeriph_Driver/src/misc.c **** 
 171:Libraries/STM32F4xx_StdPeriph_Driver/src/misc.c **** /**
 172:Libraries/STM32F4xx_StdPeriph_Driver/src/misc.c ****   * @brief  Sets the vector table location and Offset.
 173:Libraries/STM32F4xx_StdPeriph_Driver/src/misc.c ****   * @param  NVIC_VectTab: specifies if the vector table is in RAM or FLASH memory.
 174:Libraries/STM32F4xx_StdPeriph_Driver/src/misc.c ****   *   This parameter can be one of the following values:
 175:Libraries/STM32F4xx_StdPeriph_Driver/src/misc.c ****   *     @arg NVIC_VectTab_RAM: Vector Table in internal SRAM.
 176:Libraries/STM32F4xx_StdPeriph_Driver/src/misc.c ****   *     @arg NVIC_VectTab_FLASH: Vector Table in internal FLASH.
 177:Libraries/STM32F4xx_StdPeriph_Driver/src/misc.c ****   * @param  Offset: Vector Table base offset field. This value must be a multiple of 0x200.
 178:Libraries/STM32F4xx_StdPeriph_Driver/src/misc.c ****   * @retval None
 179:Libraries/STM32F4xx_StdPeriph_Driver/src/misc.c ****   */
 180:Libraries/STM32F4xx_StdPeriph_Driver/src/misc.c **** void NVIC_SetVectorTable(uint32_t NVIC_VectTab, uint32_t Offset)
 181:Libraries/STM32F4xx_StdPeriph_Driver/src/misc.c **** { 
 225              		.loc 1 181 0
 226              		.cfi_startproc
 227              		@ args = 0, pretend = 0, frame = 0
 228              		@ frame_needed = 0, uses_anonymous_args = 0
 229              	.LVL18:
 182:Libraries/STM32F4xx_StdPeriph_Driver/src/misc.c ****   /* Check the parameters */
 183:Libraries/STM32F4xx_StdPeriph_Driver/src/misc.c ****   assert_param(IS_NVIC_VECTTAB(NVIC_VectTab));
 230              		.loc 1 183 0
 231 0000 B0F1006F 		cmp	r0, #134217728
 232 0004 18BF     		it	ne
 233 0006 B0F1005F 		cmpne	r0, #536870912
 181:Libraries/STM32F4xx_StdPeriph_Driver/src/misc.c ****   /* Check the parameters */
 234              		.loc 1 181 0
 235 000a 38B5     		push	{r3, r4, r5, lr}
 236              	.LCFI2:
 237              		.cfi_def_cfa_offset 16
 238              		.cfi_offset 3, -16
 239              		.cfi_offset 4, -12
 240              		.cfi_offset 5, -8
 241              		.cfi_offset 14, -4
 181:Libraries/STM32F4xx_StdPeriph_Driver/src/misc.c ****   /* Check the parameters */
 242              		.loc 1 181 0
 243 000c 0446     		mov	r4, r0
 244 000e 0D46     		mov	r5, r1
 245              		.loc 1 183 0
 246 0010 17D1     		bne	.L28
 247              	.LVL19:
 248              	.L23:
 184:Libraries/STM32F4xx_StdPeriph_Driver/src/misc.c ****   assert_param(IS_NVIC_OFFSET(Offset));  
 249              		.loc 1 184 0
 250 0012 4FF6FE73 		movw	r3, #65534
 251 0016 C0F20F03 		movt	r3, 15
 252 001a 9D42     		cmp	r5, r3
 253 001c 06D9     		bls	.L24
 254              		.loc 1 184 0 is_stmt 0 discriminator 1
 255 001e 40F20000 		movw	r0, #:lower16:.LC0
 256 0022 C0F20000 		movt	r0, #:upper16:.LC0
 257 0026 B821     		movs	r1, #184
 258 0028 FFF7FEFF 		bl	assert_failed
 259              	.LVL20:
 260              	.L24:
 185:Libraries/STM32F4xx_StdPeriph_Driver/src/misc.c ****    
 186:Libraries/STM32F4xx_StdPeriph_Driver/src/misc.c ****   SCB->VTOR = NVIC_VectTab | (Offset & (uint32_t)0x1FFFFF80);
 261              		.loc 1 186 0 is_stmt 1
 262 002c 25F06045 		bic	r5, r5, #-536870912
 263              	.LVL21:
 264 0030 4FF46D43 		mov	r3, #60672
 265 0034 25F07F05 		bic	r5, r5, #127
 266 0038 CEF20003 		movt	r3, 57344
 267 003c 2C43     		orrs	r4, r4, r5
 268              	.LVL22:
 269 003e 9C60     		str	r4, [r3, #8]
 270 0040 38BD     		pop	{r3, r4, r5, pc}
 271              	.LVL23:
 272              	.L28:
 183:Libraries/STM32F4xx_StdPeriph_Driver/src/misc.c ****   assert_param(IS_NVIC_OFFSET(Offset));  
 273              		.loc 1 183 0 discriminator 1
 274 0042 40F20000 		movw	r0, #:lower16:.LC0
 275              	.LVL24:
 276 0046 C0F20000 		movt	r0, #:upper16:.LC0
 277 004a B721     		movs	r1, #183
 278              	.LVL25:
 279 004c FFF7FEFF 		bl	assert_failed
 280              	.LVL26:
 281 0050 DFE7     		b	.L23
 282              		.cfi_endproc
 283              	.LFE125:
 285 0052 00BF     		.section	.text.NVIC_SystemLPConfig,"ax",%progbits
 286              		.align	2
 287              		.global	NVIC_SystemLPConfig
 288              		.thumb
 289              		.thumb_func
 291              	NVIC_SystemLPConfig:
 292              	.LFB126:
 187:Libraries/STM32F4xx_StdPeriph_Driver/src/misc.c **** }
 188:Libraries/STM32F4xx_StdPeriph_Driver/src/misc.c **** 
 189:Libraries/STM32F4xx_StdPeriph_Driver/src/misc.c **** /**
 190:Libraries/STM32F4xx_StdPeriph_Driver/src/misc.c ****   * @brief  Selects the condition for the system to enter low power mode.
 191:Libraries/STM32F4xx_StdPeriph_Driver/src/misc.c ****   * @param  LowPowerMode: Specifies the new mode for the system to enter low power mode.
 192:Libraries/STM32F4xx_StdPeriph_Driver/src/misc.c ****   *   This parameter can be one of the following values:
 193:Libraries/STM32F4xx_StdPeriph_Driver/src/misc.c ****   *     @arg NVIC_LP_SEVONPEND: Low Power SEV on Pend.
 194:Libraries/STM32F4xx_StdPeriph_Driver/src/misc.c ****   *     @arg NVIC_LP_SLEEPDEEP: Low Power DEEPSLEEP request.
 195:Libraries/STM32F4xx_StdPeriph_Driver/src/misc.c ****   *     @arg NVIC_LP_SLEEPONEXIT: Low Power Sleep on Exit.
 196:Libraries/STM32F4xx_StdPeriph_Driver/src/misc.c ****   * @param  NewState: new state of LP condition. This parameter can be: ENABLE or DISABLE.
 197:Libraries/STM32F4xx_StdPeriph_Driver/src/misc.c ****   * @retval None
 198:Libraries/STM32F4xx_StdPeriph_Driver/src/misc.c ****   */
 199:Libraries/STM32F4xx_StdPeriph_Driver/src/misc.c **** void NVIC_SystemLPConfig(uint8_t LowPowerMode, FunctionalState NewState)
 200:Libraries/STM32F4xx_StdPeriph_Driver/src/misc.c **** {
 293              		.loc 1 200 0
 294              		.cfi_startproc
 295              		@ args = 0, pretend = 0, frame = 0
 296              		@ frame_needed = 0, uses_anonymous_args = 0
 297              	.LVL27:
 201:Libraries/STM32F4xx_StdPeriph_Driver/src/misc.c ****   /* Check the parameters */
 202:Libraries/STM32F4xx_StdPeriph_Driver/src/misc.c ****   assert_param(IS_NVIC_LP(LowPowerMode));
 298              		.loc 1 202 0
 299 0000 1028     		cmp	r0, #16
 300 0002 18BF     		it	ne
 301 0004 0428     		cmpne	r0, #4
 200:Libraries/STM32F4xx_StdPeriph_Driver/src/misc.c ****   /* Check the parameters */
 302              		.loc 1 200 0
 303 0006 38B5     		push	{r3, r4, r5, lr}
 304              	.LCFI3:
 305              		.cfi_def_cfa_offset 16
 306              		.cfi_offset 3, -16
 307              		.cfi_offset 4, -12
 308              		.cfi_offset 5, -8
 309              		.cfi_offset 14, -4
 200:Libraries/STM32F4xx_StdPeriph_Driver/src/misc.c ****   /* Check the parameters */
 310              		.loc 1 200 0
 311 0008 0446     		mov	r4, r0
 312 000a 0D46     		mov	r5, r1
 313              		.loc 1 202 0
 314 000c 08D0     		beq	.L30
 315              		.loc 1 202 0 is_stmt 0 discriminator 1
 316 000e 0228     		cmp	r0, #2
 317 0010 06D0     		beq	.L30
 318 0012 40F20000 		movw	r0, #:lower16:.LC0
 319              	.LVL28:
 320 0016 C0F20000 		movt	r0, #:upper16:.LC0
 321 001a CA21     		movs	r1, #202
 322              	.LVL29:
 323 001c FFF7FEFF 		bl	assert_failed
 324              	.LVL30:
 325              	.L30:
 203:Libraries/STM32F4xx_StdPeriph_Driver/src/misc.c ****   assert_param(IS_FUNCTIONAL_STATE(NewState));  
 326              		.loc 1 203 0 is_stmt 1
 327 0020 012D     		cmp	r5, #1
 328 0022 0ED9     		bls	.L31
 329              		.loc 1 203 0 is_stmt 0 discriminator 1
 330 0024 40F20000 		movw	r0, #:lower16:.LC0
 331 0028 C0F20000 		movt	r0, #:upper16:.LC0
 332 002c CB21     		movs	r1, #203
 333 002e FFF7FEFF 		bl	assert_failed
 334              	.LVL31:
 335              	.L32:
 204:Libraries/STM32F4xx_StdPeriph_Driver/src/misc.c ****   
 205:Libraries/STM32F4xx_StdPeriph_Driver/src/misc.c ****   if (NewState != DISABLE)
 206:Libraries/STM32F4xx_StdPeriph_Driver/src/misc.c ****   {
 207:Libraries/STM32F4xx_StdPeriph_Driver/src/misc.c ****     SCB->SCR |= LowPowerMode;
 336              		.loc 1 207 0 is_stmt 1
 337 0032 4FF46D43 		mov	r3, #60672
 338 0036 CEF20003 		movt	r3, 57344
 339 003a 1A69     		ldr	r2, [r3, #16]
 340 003c 1443     		orrs	r4, r4, r2
 341 003e 1C61     		str	r4, [r3, #16]
 342 0040 38BD     		pop	{r3, r4, r5, pc}
 343              	.L31:
 205:Libraries/STM32F4xx_StdPeriph_Driver/src/misc.c ****   {
 344              		.loc 1 205 0
 345 0042 002D     		cmp	r5, #0
 346 0044 F5D1     		bne	.L32
 208:Libraries/STM32F4xx_StdPeriph_Driver/src/misc.c ****   }
 209:Libraries/STM32F4xx_StdPeriph_Driver/src/misc.c ****   else
 210:Libraries/STM32F4xx_StdPeriph_Driver/src/misc.c ****   {
 211:Libraries/STM32F4xx_StdPeriph_Driver/src/misc.c ****     SCB->SCR &= (uint32_t)(~(uint32_t)LowPowerMode);
 347              		.loc 1 211 0
 348 0046 4FF46D43 		mov	r3, #60672
 349 004a CEF20003 		movt	r3, 57344
 350 004e 1A69     		ldr	r2, [r3, #16]
 351 0050 22EA0404 		bic	r4, r2, r4
 352 0054 1C61     		str	r4, [r3, #16]
 353 0056 38BD     		pop	{r3, r4, r5, pc}
 354              		.cfi_endproc
 355              	.LFE126:
 357              		.section	.text.SysTick_CLKSourceConfig,"ax",%progbits
 358              		.align	2
 359              		.global	SysTick_CLKSourceConfig
 360              		.thumb
 361              		.thumb_func
 363              	SysTick_CLKSourceConfig:
 364              	.LFB127:
 212:Libraries/STM32F4xx_StdPeriph_Driver/src/misc.c ****   }
 213:Libraries/STM32F4xx_StdPeriph_Driver/src/misc.c **** }
 214:Libraries/STM32F4xx_StdPeriph_Driver/src/misc.c **** 
 215:Libraries/STM32F4xx_StdPeriph_Driver/src/misc.c **** /**
 216:Libraries/STM32F4xx_StdPeriph_Driver/src/misc.c ****   * @brief  Configures the SysTick clock source.
 217:Libraries/STM32F4xx_StdPeriph_Driver/src/misc.c ****   * @param  SysTick_CLKSource: specifies the SysTick clock source.
 218:Libraries/STM32F4xx_StdPeriph_Driver/src/misc.c ****   *   This parameter can be one of the following values:
 219:Libraries/STM32F4xx_StdPeriph_Driver/src/misc.c ****   *     @arg SysTick_CLKSource_HCLK_Div8: AHB clock divided by 8 selected as SysTick clock source.
 220:Libraries/STM32F4xx_StdPeriph_Driver/src/misc.c ****   *     @arg SysTick_CLKSource_HCLK: AHB clock selected as SysTick clock source.
 221:Libraries/STM32F4xx_StdPeriph_Driver/src/misc.c ****   * @retval None
 222:Libraries/STM32F4xx_StdPeriph_Driver/src/misc.c ****   */
 223:Libraries/STM32F4xx_StdPeriph_Driver/src/misc.c **** void SysTick_CLKSourceConfig(uint32_t SysTick_CLKSource)
 224:Libraries/STM32F4xx_StdPeriph_Driver/src/misc.c **** {
 365              		.loc 1 224 0
 366              		.cfi_startproc
 367              		@ args = 0, pretend = 0, frame = 0
 368              		@ frame_needed = 0, uses_anonymous_args = 0
 369              	.LVL32:
 225:Libraries/STM32F4xx_StdPeriph_Driver/src/misc.c ****   /* Check the parameters */
 226:Libraries/STM32F4xx_StdPeriph_Driver/src/misc.c ****   assert_param(IS_SYSTICK_CLK_SOURCE(SysTick_CLKSource));
 370              		.loc 1 226 0
 371 0000 0428     		cmp	r0, #4
 372 0002 18BF     		it	ne
 373 0004 10F1050F 		cmnne	r0, #5
 224:Libraries/STM32F4xx_StdPeriph_Driver/src/misc.c ****   /* Check the parameters */
 374              		.loc 1 224 0
 375 0008 08B5     		push	{r3, lr}
 376              	.LCFI4:
 377              		.cfi_def_cfa_offset 8
 378              		.cfi_offset 3, -8
 379              		.cfi_offset 14, -4
 380              		.loc 1 226 0
 381 000a 0AD1     		bne	.L45
 227:Libraries/STM32F4xx_StdPeriph_Driver/src/misc.c ****   if (SysTick_CLKSource == SysTick_CLKSource_HCLK)
 382              		.loc 1 227 0
 383 000c 0428     		cmp	r0, #4
 384 000e 10D0     		beq	.L46
 385              	.LVL33:
 386              	.L43:
 228:Libraries/STM32F4xx_StdPeriph_Driver/src/misc.c ****   {
 229:Libraries/STM32F4xx_StdPeriph_Driver/src/misc.c ****     SysTick->CTRL |= SysTick_CLKSource_HCLK;
 230:Libraries/STM32F4xx_StdPeriph_Driver/src/misc.c ****   }
 231:Libraries/STM32F4xx_StdPeriph_Driver/src/misc.c ****   else
 232:Libraries/STM32F4xx_StdPeriph_Driver/src/misc.c ****   {
 233:Libraries/STM32F4xx_StdPeriph_Driver/src/misc.c ****     SysTick->CTRL &= SysTick_CLKSource_HCLK_Div8;
 387              		.loc 1 233 0
 388 0010 4EF21003 		movw	r3, #57360
 389 0014 CEF20003 		movt	r3, 57344
 390 0018 1A68     		ldr	r2, [r3]
 391 001a 22F00402 		bic	r2, r2, #4
 392 001e 1A60     		str	r2, [r3]
 393 0020 08BD     		pop	{r3, pc}
 394              	.LVL34:
 395              	.L45:
 226:Libraries/STM32F4xx_StdPeriph_Driver/src/misc.c ****   if (SysTick_CLKSource == SysTick_CLKSource_HCLK)
 396              		.loc 1 226 0 discriminator 1
 397 0022 40F20000 		movw	r0, #:lower16:.LC0
 398              	.LVL35:
 399 0026 C0F20000 		movt	r0, #:upper16:.LC0
 400 002a E221     		movs	r1, #226
 401 002c FFF7FEFF 		bl	assert_failed
 402              	.LVL36:
 403 0030 EEE7     		b	.L43
 404              	.LVL37:
 405              	.L46:
 229:Libraries/STM32F4xx_StdPeriph_Driver/src/misc.c ****   }
 406              		.loc 1 229 0
 407 0032 4EF21003 		movw	r3, #57360
 408 0036 CEF20003 		movt	r3, 57344
 409 003a 1A68     		ldr	r2, [r3]
 410 003c 42F00402 		orr	r2, r2, #4
 411 0040 1A60     		str	r2, [r3]
 412 0042 08BD     		pop	{r3, pc}
 413              		.cfi_endproc
 414              	.LFE127:
 416              		.section	.rodata.str1.4,"aMS",%progbits,1
 417              		.align	2
 418              	.LC0:
 419 0000 4C696272 		.ascii	"Libraries/STM32F4xx_StdPeriph_Driver/src/misc.c\000"
 419      61726965 
 419      732F5354 
 419      4D333246 
 419      3478785F 
 420              		.text
 421              	.Letext0:
 422              		.file 2 "/opt/toolchains/eabi/arm-2014.05/arm-none-eabi/include/stdint.h"
 423              		.file 3 "Libraries/CMSIS/Include/core_cm4.h"
 424              		.file 4 "inc/stm32f4xx.h"
 425              		.file 5 "Libraries/STM32F4xx_StdPeriph_Driver/inc/misc.h"
 426              		.file 6 "inc/stm32f4xx_conf.h"
DEFINED SYMBOLS
                            *ABS*:00000000 misc.c
     /tmp/cckUVhzV.s:21     .text.NVIC_PriorityGroupConfig:00000000 $t
     /tmp/cckUVhzV.s:26     .text.NVIC_PriorityGroupConfig:00000000 NVIC_PriorityGroupConfig
     /tmp/cckUVhzV.s:418    .rodata.str1.4:00000000 .LC0
     /tmp/cckUVhzV.s:72     .text.NVIC_Init:00000000 $t
     /tmp/cckUVhzV.s:77     .text.NVIC_Init:00000000 NVIC_Init
     /tmp/cckUVhzV.s:218    .text.NVIC_SetVectorTable:00000000 $t
     /tmp/cckUVhzV.s:223    .text.NVIC_SetVectorTable:00000000 NVIC_SetVectorTable
     /tmp/cckUVhzV.s:286    .text.NVIC_SystemLPConfig:00000000 $t
     /tmp/cckUVhzV.s:291    .text.NVIC_SystemLPConfig:00000000 NVIC_SystemLPConfig
     /tmp/cckUVhzV.s:358    .text.SysTick_CLKSourceConfig:00000000 $t
     /tmp/cckUVhzV.s:363    .text.SysTick_CLKSourceConfig:00000000 SysTick_CLKSourceConfig
     /tmp/cckUVhzV.s:417    .rodata.str1.4:00000000 $d
                     .debug_frame:00000010 $d

UNDEFINED SYMBOLS
assert_failed
